=== ours_b8 ===
[RESULT]   T2I_R1: 13.9260%
[RESULT]   T2I_R5: 30.6603%
[RESULT]   T2I_R10: 39.4209%
[RESULT]   I2T_R1: 8.3865%
[RESULT]   I2T_R5: 22.2029%
[RESULT]   I2T_R10: 30.6732%
=== vanilla_b8 ===
[RESULT]   T2I_R1: 7.3580%
[RESULT]   T2I_R5: 18.1886%
[RESULT]   T2I_R10: 24.8920%
[RESULT]   I2T_R1: 11.4013%
[RESULT]   I2T_R5: 24.8984%
[RESULT]   I2T_R10: 32.6014%
=== ours_b96 ===
[RESULT]   T2I_R1: 8.6800%
[RESULT]   T2I_R5: 20.9228%
[RESULT]   T2I_R10: 28.2098%
[RESULT]   I2T_R1: 9.0765%
[RESULT]   I2T_R5: 21.5870%
[RESULT]   I2T_R10: 29.6769%
=== vanilla_b96 ===
[RESULT]   T2I_R1: 11.2756%
[RESULT]   T2I_R5: 25.4949%
[RESULT]   T2I_R10: 33.6719%
[RESULT]   I2T_R1: 13.6261%
[RESULT]   I2T_R5: 29.0901%
[RESULT]   I2T_R10: 37.1768%
ALL_FLICKR_DONE
